<?xml version="1.0" encoding="UTF-8"?>
<!-- Generated by org.testng.reporters.JUnitReportReporter -->
<testsuite skipped="0" hostname="LAPTOP-80RUN5J9" name="test.Test" tests="1" failures="0" timestamp="06 Feb 2022 05:18:09 GMT" time="6.295" errors="0">
  <testcase name="verifyThePage" time="6.295" classname="test.Test"/>
</testsuite> <!-- test.Test -->
